[ 2017-06-07T11:59:46+08:00 ] 127.0.0.1 /index.php?g=Admin&m=Menu&a=index
NOTIC: D方法实例化没找到模型类Common\Model\AuthRuleModel

[ 2017-06-07T13:45:58+08:00 ] 127.0.0.1 /index.php?g=Admin&m=Menu&a=index
NOTIC: D方法实例化没找到模型类Common\Model\AuthRuleModel

[ 2017-06-07T13:46:05+08:00 ] 127.0.0.1 /index.php?g=Admin&m=Menu&a=edit&id=260&menuid=
NOTIC: D方法实例化没找到模型类Common\Model\AuthRuleModel

[ 2017-06-07T13:46:15+08:00 ] 127.0.0.1 /index.php?g=Admin&m=Menu&a=delete&id=260&menuid=
INFO: [ app_begin ] --START--
INFO: Run Behavior\ReadHtmlCacheBehavior [ RunTime:0.001000s ]
INFO: Run Behavior\CheckLangBehavior [ RunTime:0.002000s ]
INFO: Run Common\Behavior\UrldecodeGetBehavior [ RunTime:0.000000s ]
INFO: [ app_begin ] --END-- [ RunTime:0.004000s ]
INFO: [ admin_begin ] --START--
INFO: Run Common\Behavior\AdminDefaultLangBehavior [ RunTime:0.003001s ]
INFO: [ admin_begin ] --END-- [ RunTime:0.003001s ]
SQL: SHOW COLUMNS FROM `wldk_users` [ RunTime:0.0100s ]
SQL: SELECT * FROM `wldk_users` WHERE `id` = '1' LIMIT 1   [ RunTime:0.0040s ]
SQL: SHOW COLUMNS FROM `wldk_menu` [ RunTime:0.0100s ]
NOTIC: D方法实例化没找到模型类Common\Model\AuthRuleModel
SQL: SHOW COLUMNS FROM `wldk_auth_rule` [ RunTime:0.0110s ]
SQL: SELECT COUNT(*) AS tp_count FROM `wldk_menu` WHERE `parentid` = 260 LIMIT 1   [ RunTime:0.0030s ]

